<?xml version="1.0" encoding="UTF-8"?>
<testsuites name="Mocha Tests" time="15.921" tests="8" failures="1">
  <testsuite name="Root Suite" timestamp="2017-07-11T17:44:36" tests="0" failures="0" time="0">
  </testsuite>
  <testsuite name="Functionality Tests" timestamp="2017-07-11T17:44:36" tests="8" file="/Users/stevenkirkpatrick/Test/Protractor/functionalTest.js" failures="1" time="15.921">
    <testcase name="Functionality Tests : Open site url" time="1.781" classname=": Open site url">
    </testcase>
    <testcase name="Functionality Tests : Add drill to cart and verify contents" time="2.341" classname=": Add drill to cart and verify contents">
    </testcase>
    <testcase name="Functionality Tests : Add wrench to cart and verify contents" time="1.393" classname=": Add wrench to cart and verify contents">
    </testcase>
    <testcase name="Functionality Tests : Add hammer to cart and verify contents" time="1.864" classname=": Add hammer to cart and verify contents">
    </testcase>
    <testcase name="Functionality Tests : Click to  navigate payment information page " time="0.243" classname=": Click to  navigate payment information page ">
    </testcase>
    <testcase name="Functionality Tests : Verify contents of preview order grid" time="2.225" classname=": Verify contents of preview order grid">
    </testcase>
    <testcase name="Functionality Tests : Submit payment" time="1.004" classname=": Submit payment">
    </testcase>
    <testcase name="Functionality Tests : Verify contents of order summary page" time="5.07" classname=": Verify contents of order summary page">
      <failure><![CDATA[TimeoutError: Could not find text: $345.00
Wait timed out after 5050ms
    at WebDriverError (/usr/local/lib/node_modules/protractor/node_modules/selenium-webdriver/lib/error.js:27:5)
    at TimeoutError (/usr/local/lib/node_modules/protractor/node_modules/selenium-webdriver/lib/error.js:238:5)
    at /usr/local/lib/node_modules/protractor/node_modules/selenium-webdriver/lib/promise.js:2107:17
    at ManagedPromise.invokeCallback_ (/usr/local/lib/node_modules/protractor/node_modules/selenium-webdriver/lib/promise.js:1366:14)
    at TaskQueue.execute_ (/usr/local/lib/node_modules/protractor/node_modules/selenium-webdriver/lib/promise.js:2970:14)
    at TaskQueue.executeNext_ (/usr/local/lib/node_modules/protractor/node_modules/selenium-webdriver/lib/promise.js:2953:27)
    at asyncRun (/usr/local/lib/node_modules/protractor/node_modules/selenium-webdriver/lib/promise.js:2813:27)
    at /usr/local/lib/node_modules/protractor/node_modules/selenium-webdriver/lib/promise.js:676:7
    at process._tickCallback (internal/process/next_tick.js:103:7)
From: Task: Could not find text: $345.00
    at scheduleWait (/usr/local/lib/node_modules/protractor/node_modules/selenium-webdriver/lib/promise.js:2094:20)
    at ControlFlow.wait (/usr/local/lib/node_modules/protractor/node_modules/selenium-webdriver/lib/promise.js:2408:12)
    at wait (/usr/local/lib/node_modules/protractor/node_modules/selenium-webdriver/lib/webdriver.js:943:29)
    at run (/usr/local/lib/node_modules/protractor/lib/browser.ts:66:27)
    at ProtractorBrowser.to.(anonymous function) [as wait] (/usr/local/lib/node_modules/protractor/lib/browser.ts:74:12)
    at Object.module.exports.waitForElementText (utilities.js:96:24)
    at Object.module.exports.expectedTexts (utilities.js:48:21)
    at utilities.js:67:25
    at Array.forEach (native)
    at Object.module.exports.compareTexts (utilities.js:66:27)
From: Task: Functionality Tests : Verify contents of order summary page
    at Context.ret (/usr/local/lib/node_modules/protractor/node_modules/selenium-webdriver/testing/index.js:185:10)]]></failure>
    </testcase>
  </testsuite>
</testsuites>